# JRE version: Java(TM) SE Runtime Environment (17.0.6+9) (build 17.0.6+9-LTS-190)
# Java VM: Java HotSpot(TM) 64-Bit Server VM (17.0.6+9-LTS-190, mixed mode, sharing, tiered, compressed oops, compressed class ptrs, g1 gc, windows-amd64)
GC Precious Log:
 CPUs: 8 total, 8 available
 Memory: 7975M
 Large Page Support: Disabled
 NUMA Support: Disabled
 Compressed Oops: Enabled (32-bit)
 Heap Region Size: 1M
 Heap Min Capacity: 8M
 Heap Initial Capacity: 126M
 Heap Max Capacity: 1994M
 Pre-touch: Disabled
 Parallel Workers: 8
 Concurrent Workers: 2
 Concurrent Refinement Workers: 8
 Periodic GC: Disabled
Heap:
 garbage-first heap   total 215040K, used 57971K [0x0000000083600000, 0x0000000100000000)
  region size 1024K, 6 young (6144K), 1 survivors (1024K)
 Metaspace       used 85166K, committed 85888K, reserved 1130496K
  class space    used 11362K, committed 11712K, reserved 1048576K
GC Heap History (20 events):
Event: 13.355 GC heap before
{Heap before GC invocations=36 (full 0):
 garbage-first heap   total 95232K, used 79972K [0x0000000083600000, 0x0000000100000000)
  region size 1024K, 38 young (38912K), 3 survivors (3072K)
 Metaspace       used 71615K, committed 72256K, reserved 1114112K
  class space    used 9690K, committed 9984K, reserved 1048576K
}
Event: 13.359 GC heap after
{Heap after GC invocations=37 (full 0):
 garbage-first heap   total 95232K, used 45397K [0x0000000083600000, 0x0000000100000000)
  region size 1024K, 4 young (4096K), 4 survivors (4096K)
 Metaspace       used 71615K, committed 72256K, reserved 1114112K
  class space    used 9690K, committed 9984K, reserved 1048576K
}
Event: 13.646 GC heap before
{Heap before GC invocations=37 (full 0):
 garbage-first heap   total 95232K, used 80213K [0x0000000083600000, 0x0000000100000000)
  region size 1024K, 38 young (38912K), 4 survivors (4096K)
 Metaspace       used 72305K, committed 72832K, reserved 1114112K
  class space    used 9749K, committed 9984K, reserved 1048576K
}
Event: 13.649 GC heap after
{Heap after GC invocations=38 (full 0):
 garbage-first heap   total 95232K, used 46274K [0x0000000083600000, 0x0000000100000000)
  region size 1024K, 4 young (4096K), 4 survivors (4096K)
 Metaspace       used 72305K, committed 72832K, reserved 1114112K
  class space    used 9749K, committed 9984K, reserved 1048576K
}
Event: 14.204 GC heap before
{Heap before GC invocations=38 (full 0):
 garbage-first heap   total 95232K, used 80066K [0x0000000083600000, 0x0000000100000000)
  region size 1024K, 37 young (37888K), 4 survivors (4096K)
 Metaspace       used 74611K, committed 75264K, reserved 1122304K
  class space    used 10045K, committed 10368K, reserved 1048576K
}
Event: 14.210 GC heap after
{Heap after GC invocations=39 (full 0):
 garbage-first heap   total 95232K, used 48292K [0x0000000083600000, 0x0000000100000000)
  region size 1024K, 5 young (5120K), 5 survivors (5120K)
 Metaspace       used 74611K, committed 75264K, reserved 1122304K
  class space    used 10045K, committed 10368K, reserved 1048576K
}
Event: 15.036 GC heap before
{Heap before GC invocations=40 (full 0):
 garbage-first heap   total 95232K, used 77988K [0x0000000083600000, 0x0000000100000000)
  region size 1024K, 34 young (34816K), 5 survivors (5120K)
 Metaspace       used 76719K, committed 77376K, reserved 1122304K
  class space    used 10349K, committed 10688K, reserved 1048576K
}
Event: 15.042 GC heap after
{Heap after GC invocations=41 (full 0):
 garbage-first heap   total 95232K, used 50395K [0x0000000083600000, 0x0000000100000000)
  region size 1024K, 5 young (5120K), 5 survivors (5120K)
 Metaspace       used 76719K, committed 77376K, reserved 1122304K
  class space    used 10349K, committed 10688K, reserved 1048576K
}
Event: 31.219 GC heap before
{Heap before GC invocations=41 (full 0):
 garbage-first heap   total 95232K, used 77019K [0x0000000083600000, 0x0000000100000000)
  region size 1024K, 32 young (32768K), 5 survivors (5120K)
 Metaspace       used 81676K, committed 82368K, reserved 1122304K
  class space    used 10982K, committed 11328K, reserved 1048576K
}
Event: 31.226 GC heap after
{Heap after GC invocations=42 (full 0):
 garbage-first heap   total 95232K, used 51346K [0x0000000083600000, 0x0000000100000000)
  region size 1024K, 2 young (2048K), 2 survivors (2048K)
 Metaspace       used 81676K, committed 82368K, reserved 1122304K
  class space    used 10982K, committed 11328K, reserved 1048576K
}
Event: 32.394 GC heap before
{Heap before GC invocations=43 (full 0):
 garbage-first heap   total 95232K, used 78994K [0x0000000083600000, 0x0000000100000000)
  region size 1024K, 29 young (29696K), 2 survivors (2048K)
 Metaspace       used 84287K, committed 84992K, reserved 1122304K
  class space    used 11295K, committed 11648K, reserved 1048576K
}
Event: 32.401 GC heap after
{Heap after GC invocations=44 (full 0):
 garbage-first heap   total 95232K, used 54191K [0x0000000083600000, 0x0000000100000000)
  region size 1024K, 4 young (4096K), 4 survivors (4096K)
 Metaspace       used 84287K, committed 84992K, reserved 1122304K
  class space    used 11295K, committed 11648K, reserved 1048576K
}
Event: 32.411 GC heap before
{Heap before GC invocations=44 (full 0):
 garbage-first heap   total 95232K, used 55215K [0x0000000083600000, 0x0000000100000000)
  region size 1024K, 5 young (5120K), 4 survivors (4096K)
 Metaspace       used 84307K, committed 85056K, reserved 1122304K
  class space    used 11295K, committed 11648K, reserved 1048576K
}
Event: 32.415 GC heap after
{Heap after GC invocations=45 (full 0):
 garbage-first heap   total 95232K, used 53986K [0x0000000083600000, 0x0000000100000000)
  region size 1024K, 1 young (1024K), 1 survivors (1024K)
 Metaspace       used 84307K, committed 85056K, reserved 1122304K
  class space    used 11295K, committed 11648K, reserved 1048576K
}
Event: 36.303 GC heap before
{Heap before GC invocations=45 (full 0):
 garbage-first heap   total 95232K, used 77538K [0x0000000083600000, 0x0000000100000000)
  region size 1024K, 24 young (24576K), 1 survivors (1024K)
 Metaspace       used 84973K, committed 85632K, reserved 1130496K
  class space    used 11361K, committed 11712K, reserved 1048576K
}
Event: 36.305 GC heap after
{Heap after GC invocations=46 (full 0):
 garbage-first heap   total 95232K, used 54428K [0x0000000083600000, 0x0000000100000000)
  region size 1024K, 1 young (1024K), 1 survivors (1024K)
 Metaspace       used 84973K, committed 85632K, reserved 1130496K
  class space    used 11361K, committed 11712K, reserved 1048576K
}
Event: 36.563 GC heap before
{Heap before GC invocations=47 (full 0):
 garbage-first heap   total 107520K, used 79004K [0x0000000083600000, 0x0000000100000000)
  region size 1024K, 25 young (25600K), 1 survivors (1024K)
 Metaspace       used 85128K, committed 85824K, reserved 1130496K
  class space    used 11360K, committed 11712K, reserved 1048576K
}
Event: 36.566 GC heap after
{Heap after GC invocations=48 (full 0):
 garbage-first heap   total 107520K, used 54365K [0x0000000083600000, 0x0000000100000000)
  region size 1024K, 1 young (1024K), 1 survivors (1024K)
 Metaspace       used 85128K, committed 85824K, reserved 1130496K
  class space    used 11360K, committed 11712K, reserved 1048576K
}
Event: 36.612 GC heap before
{Heap before GC invocations=48 (full 0):
 garbage-first heap   total 107520K, used 58461K [0x0000000083600000, 0x0000000100000000)
  region size 1024K, 5 young (5120K), 1 survivors (1024K)
 Metaspace       used 85145K, committed 85888K, reserved 1130496K
  class space    used 11360K, committed 11712K, reserved 1048576K
}
Event: 36.617 GC heap after
{Heap after GC invocations=49 (full 0):
 garbage-first heap   total 215040K, used 53875K [0x0000000083600000, 0x0000000100000000)
  region size 1024K, 1 young (1024K), 1 survivors (1024K)
 Metaspace       used 85145K, committed 85888K, reserved 1130496K
  class space    used 11360K, committed 11712K, reserved 1048576K
}

